 ANSYS
      License feature : Explicit - Basic
      License type    : Academic Student



       AAAAAA   UU    UU  TTTTTTTT   OOOOOO   DDDDDDD   YY    YY  NN    NN  TM
      AA    AA  UU    UU     TT     OO    OO  DD    DD   YY  YY   NNN   NN
      AA    AA  UU    UU     TT     OO    OO  DD    DD    YYYY    NNNN  NN
      AAAAAAAA  UU    UU     TT     OO    OO  DD    DD     YY     NN NN NN
      AA    AA  UU    UU     TT     OO    OO  DD    DD     YY     NN  NNNN
      AA    AA  UU    UU     TT     OO    OO  DD    DD     YY     NN   NNN
      AA    AA   UUUUUU      TT      OOOOOO   DDDDDDD      YY     NN    NN




           Copyright (C) 2021, ANSYS, Inc.  All rights reserved.
           Unauthorized use, distribution or duplication is prohibited.




 




                                2022 R1
                                   
                 Point Releases and Patches installed:
                                   
                     Ansys, Inc. Products 2022 R1
                            Autodyn 2022 R1
                          SpaceClaim 2022 R1
                    CFX (includes CFD-Post) 2022 R1
                            Chemkin 2022 R1
                            EnSight 2022 R1
                          FENSAP-ICE 2022 R1
                  Fluent (includes CFD-Post) 2022 R1
                 Polyflow (includes CFD-Post) 2022 R1
                   Forte (includes EnSight) 2022 R1
                           TurboGrid 2022 R1
                             Aqwa 2022 R1
                      Mechanical Products 2022 R1
                    ACIS Geometry Interface 2022 R1
                  AutoCAD Geometry Interface 2022 R1
              Catia, Version 4 Geometry Interface 2022 R1
              Catia, Version 5 Geometry Interface 2022 R1
              Catia, Version 6 Geometry Interface 2022 R1
       Creo Elements/Direct Modeling Geometry Interface 2022 R1
              Creo Parametric Geometry Interface 2022 R1
                  Inventor Geometry Interface 2022 R1
                   JTOpen Geometry Interface 2022 R1
                     NX Geometry Interface 2022 R1
                 Parasolid Geometry Interface  2022 R1
                 Solid Edge Geometry Interface 2022 R1
                 SOLIDWORKS Geometry Interface 2022 R1
                       Academic Student 2022 R1




                            Solver :   EXPLICIT
                             Build :   AUTODYN-3D Academic V-2022 R1           
                Model File Version :   2022 R1
                        Build Date :   20211115
                 Current Date/Time :   20220608 23: 5 (+0530GMT)
                          Platform :   64 bit
                              Beta :   FALSE
                   User Subroutine :   FALSE
               MPI Library Version :   Intel(R) MPI Library 2018 Update 3 for Windows* OS





                             IDENT :   admodel                                                                                                                                                                                                                                                         
                             Title :                                           
                       Description :                                                                                                                                                                                                                                                                   
                       Start Cycle :            0
                        Start Time :  0.00000E+00
                         Precision :   Double




   UNITS

                            Length :   millimeter
                              Mass :   milligram 
                              Time :   millisec. 




   SYMMETRY PLANES

             Symmetry plane at X=0 :   No        
                               Y=0 :   No        
                               Z=0 :   No        




   WRAPUP PARAMETERS

                       Cycle Limit :     10000000
                        Time Limit :  7.00000E-01
     Maximum Energy Error Fraction :  1.00000E-01
            Energy Reference Cycle :            0




   MULTIPLE LOADSTEP DEFINITION

     Step    Type             Step End Time   Static Damping   Convergence Tol.  Max. Iterations

        1    Standard         7.0000E-01      0.0000E+00




   LOADSTEP OUTPUT CONTROLS

     Step    Results       Value      Restarts       Value      Trackers      Value

        1    Global          -         Global          -         Global          -     




   LOADCASE DEFINITIONS

     Case  WB-ID        Type   Active  Loadsteps:                Used by:

        1    318    Standard   Step    DOF:  X  Y  Z RX RY RZ    Velocity                      
                                  1          v  v  v  v  v  v




   TIME STEP INFORMATION

                 Minimum Time Step :  1.93994E-05
                 Maximum Time Step :  1.00000E+08
                 Initial Time Step :  1.93994E-04
           Time Step Safety Factor :  9.00000E-01
                      Mass scaling :  OFF




   GRAVITATIONAL CONSTANTS

             Global X Gravity :  0.00000E+00
             Global Y Gravity :  0.00000E+00
             Global Z Gravity :  0.00000E+00




   GRAVITATIONAL AND ACCELERATION CONSTANTS - SUM AT START CYCLE

             Total  X Acceleration :  0.00000E+00
             Total  Y Acceleration :  0.00000E+00
             Total  Z Acceleration :  0.00000E+00





 
   DAMPING CONSTANTS

                 Hourglass Damping :  1.00000E-01
                    Static Damping : Per loadstep




   ARTIFICIAL VISCOSITY

               Quadratic Viscosity :  1.00000E+00
                  Linear Viscosity :  2.00000E-01
     Apply Lin.vis. in exp. for HE :  No
     Art. vis. in structured shells:  Yes




   GLOBAL OUTPUT CONTROLS

                    Save Results On  : Time
                    Increments :        3.50000E-02
                    Save Restarts On  : Time
                    Increments :        1.40000E-01
                    Save Trackers On : Cycles
                    Increments :        1.00000E+00




   CUTOFF VALUES

                   Velocity Cutoff :  1.00000E-06
                 Soundspeed Cutoff :  1.00000E-06
                     Radius Cutoff :  1.00000E-03
                  Maximum Velocity :  1.00000E+10
               Maximum Temperature :  1.01000E+20
                    Join Tolerance :  5.00000E-02




   METHOD OF CALCULATING CHARACTERISTIC ZONE DIMENSION

                     Method to Use :  Diagonals




   METHOD OF UPDATING LAG/ALE CELL DENSITIES AND COMPRESSIONS

                     Method to Use :  Automatic




   USER VARIABLES

     Fortran name  User name     Restart  Rezone

     VAR01         VAR.1         N        N
     VAR02         VAR.2         N        N
     VAR03         VAR.3         N        N
     VAR04         VAR.4         N        N
     VAR05         VAR.5         N        N
     VAR06         VAR.6         N        N
     VAR07         VAR.7         N        N
     VAR08         VAR.8         N        N
     VAR09         VAR.9         N        N
     VAR10         VAR.10        N        N
     VAR11         VAR.11        N        N
     VAR12         VAR.12        N        N
     VAR13         VAR.13        N        N
     VAR14         VAR.14        N        N
     VAR15         VAR.15        N        N
     VAR16         VAR.16        N        N
     VAR17         VAR.17        N        N
     VAR18         VAR.18        N        N
     VAR19         VAR.19        N        N
     VAR20         VAR.20        N        N





 
   GLOBAL MATERIAL SETTINGS

      Shell yield converg. accuracy:  High




   MATERIALS



                         MATERIAL NAME: Titanium alloy, Ti-6Al-4V,    


                     Equation of State             Linear                                                                          

          Reference density                      (g/cm3   ) 4.42900E+00
          Bulk Modulus                           (kPa     ) 1.14900E+08
          Reference Temperature                  (K       ) 2.95150E+02
          Specific Heat                          (J/kgK   ) 5.22700E+02
          Thermal Conductivity                   (J/mKs   ) 0.00000E+00


                     Strength                      Elastic                                                                         

          Shear Modulus                          (kPa     ) 4.15328E+07


                     Failure                       None                                                                            



                     Erosion                       None                                                                            



                     Material Cutoffs              

          Maximum Expansion                      (none    ) 1.00000E-01
          Minimum Density Factor                 (none    ) 1.00000E-04
          Minimum Density Factor (SPH)           (none    ) 2.00000E-01
          Maximum Density Factor (SPH)           (none    ) 3.00000E+00
          Minimum Soundspeed                     (m/s     ) 1.00000E-06
          Maximum Soundspeed (SPH)               (m/s     ) 1.01000E+20
          Maximum Temperature                    (K       ) 1.01000E+20


           Reference: 
                                                                                                                                                                                                                                                                


           Notes: 
                                                                                                                                                                                                                                                                


                         MATERIAL NAME: Concrete                      


                     Equation of State             Linear                                                                          

          Reference density                      (g/cm3   ) 2.39200E+00
          Bulk Modulus                           (kPa     ) 8.99796E+06
          Reference Temperature                  (K       ) 2.95150E+02
          Specific Heat                          (J/kgK   ) 9.36300E+02
          Thermal Conductivity                   (J/mKs   ) 0.00000E+00


                     Strength                      Elastic                                                                         

          Shear Modulus                          (kPa     ) 8.48081E+06


                     Failure                       None                                                                            



                     Erosion                       None                                                                            



                     Material Cutoffs              

          Maximum Expansion                      (none    ) 1.00000E-01
          Minimum Density Factor                 (none    ) 1.00000E-04
          Minimum Density Factor (SPH)           (none    ) 2.00000E-01
          Maximum Density Factor (SPH)           (none    ) 3.00000E+00
          Minimum Soundspeed                     (m/s     ) 1.00000E-06
          Maximum Soundspeed (SPH)               (m/s     ) 1.01000E+20
          Maximum Temperature                    (K       ) 1.01000E+20


           Reference: 
                                                                                                                                                                                                                                                                


           Notes: 
                                                                                                                                                                                                                                                                









 
   BOUNDARY CONDITIONS



                     Velocity : General Time Dependent Vel.                                          

                     Associated Loadcase ID :        1

              Time          X-Velocity     Y-Velocity      Z-Velocity      RX-Velocity     RY-Velocity     RZ-Velocity
           0.00000E+00    -1.01000E+20    -5.00000E-01    -1.01000E+20    -1.01000E+20    -1.01000E+20    -1.01000E+20
           7.00000E-01    -1.01000E+20    -5.00000E-01    -1.01000E+20    -1.01000E+20    -1.01000E+20    -1.01000E+20









 
     UNSTRUCTURED PARTS

           PART                  NO. ELEMENTS         ELEMENT TYPE   ARTIFICIAL VISC.   HOURGLASS CONTROL     VISCOUS COEFF.   

       1   pim3_Varsayilan|Y_ks           150            Tet 4 ANP        Yes
       2   Part1_Varsayilan|Y_k          4985            Tet 4 ANP        Yes
       3   aks2_Varsayilan|Rady          3033            Tet 4 ANP        Yes
       4   pim_Varsayilan|Aynal            39            Tet 4 ANP        Yes
       5   pim4_Varsayilan|Ayna            39            Tet 4 ANP        Yes
       6   pim4_Varsayilan|Ayna            39            Tet 4 ANP        Yes
       7   torque_link1_Varsayi           169            Tet 4 ANP        Yes
       8   pim5_Varsayilan|Ayna            25            Tet 4 ANP        Yes
       9   torque_link2.2_Varsa           188            Tet 4 ANP        Yes
      10   base|Boss-Extrude1             187            Hex 8            Yes           AD STANDARD            1.00000E-01

           TOTAL NUMBER ELEMENTS:        8854
           TOTAL NUMBER NODES:           3229




     BODY CONTROL SPECIFICATION

            

            

       SOLID PART(S)

           PART                  TET INTEGRATION TYPE         HEX INTEGRATION TYPE         HOURGLASS DAMPING        VISCOUS COEFF.    STIFFNESS COEFF.      PUSO STAB.   

       1  pim3_Varsayilan|Y_ks   AVERAGE NODAL PRESSURE             N/A                    AD STANDARD               1.00000E-01         0.00000E+00        0.00000E+00
       2  Part1_Varsayilan|Y_k   AVERAGE NODAL PRESSURE             N/A                    AD STANDARD               1.00000E-01         0.00000E+00        0.00000E+00
       3  aks2_Varsayilan|Rady   AVERAGE NODAL PRESSURE             N/A                    AD STANDARD               1.00000E-01         0.00000E+00        0.00000E+00
       4  pim_Varsayilan|Aynal   AVERAGE NODAL PRESSURE             N/A                    AD STANDARD               1.00000E-01         0.00000E+00        0.00000E+00
       5  pim4_Varsayilan|Ayna   AVERAGE NODAL PRESSURE             N/A                    AD STANDARD               1.00000E-01         0.00000E+00        0.00000E+00
       6  pim4_Varsayilan|Ayna   AVERAGE NODAL PRESSURE             N/A                    AD STANDARD               1.00000E-01         0.00000E+00        0.00000E+00
       7  torque_link1_Varsayi   AVERAGE NODAL PRESSURE             N/A                    AD STANDARD               1.00000E-01         0.00000E+00        0.00000E+00
       8  pim5_Varsayilan|Ayna   AVERAGE NODAL PRESSURE             N/A                    AD STANDARD               1.00000E-01         0.00000E+00        0.00000E+00
       9  torque_link2.2_Varsa   AVERAGE NODAL PRESSURE             N/A                    AD STANDARD               1.00000E-01         0.00000E+00        0.00000E+00
      10  base|Boss-Extrude1     N/A                                EXACT                  AD STANDARD               1.00000E-01         0.00000E+00        0.00000E+00
            

   PART ACTIVATION / DEACTIVATION TIMES

           PART           ACTIVATION   DEACTIVATION
                             TIME          TIME





 
   EDITS

       EDIT FREQUENCY
       EDIT TYPE   HOW DONE          START           END     INCREMENT

       SAVE        by times    0.00000E+00   7.00000E-01   1.40000E-01
       GRIDVAR     Never     
       ENERGYSUM   by times    0.00000E+00   7.00000E-01   1.40000E-01
       CYCSUM      Never     
       HISTORY     by cycles             0      10000000             1
       USER        Never     
       FIELD       Never     

 
   INTERACTIONS

          Using trajectory contact:  Yes
                            Method:  Penalty
                   Sliding Surface:  Discrete
                     Penalty Force:  Harmonic Mass
           Group Contact Treatment:  Lumped
            Shell thickness factor:  0.00000E+00
            Full SPH radius (beta):  No        
                  Search Algorithm:  Cube            
              Retention of Inertia:  Yes       
                  Self-interaction:  Yes       
             Self-interaction Tol.:  2.00000E-01

     Part Name       I-range             J-range             K-range
     pim3_Varsayilan|Y_kseklik-Eks       Active
     Part1_Varsayilan|Y_kseklik-Ek       Active
     aks2_Varsayilan|Radyus7             Active
     pim_Varsayilan|Aynalama1            Active
     pim4_Varsayilan|Aynalama1           Active
     pim4_Varsayilan|Aynalama1[2]        Active
     torque_link1_Varsayilan|Radyu       Active
     pim5_Varsayilan|Aynalama1           Active
     torque_link2.2_Varsayilan|Rad       Active
     base|Boss-Extrude1                  Active

     No coefficients of friction have been specified













 
   BONDED CONTACT SUMMARY

     Bonded Contact Penalty Factor (Default):      1.00000E-01
                                                                                                                                             Number of Bonded Nodes
                                            Bond Name                 Max Offset    Breakable     Behaviour        Penalty      Tolerance   Candidates       Actual    Bonded    Internal Bond Name
     Contact Region                                                  1.00000E-04           No     Symmetric  Harmonic Mass   Min Distance          152            0     0.00%  BONDED -    1       
     Contact Region 2                                                1.00000E-04           No     Symmetric  Harmonic Mass   Min Distance          497            0     0.00%  BONDED -    2       
     Contact Region 3                                                1.00000E-04           No     Symmetric  Harmonic Mass   Min Distance           54            8    14.81%  BONDED -    3       
     Contact Region 4                                                1.00000E-04           No     Symmetric  Harmonic Mass   Min Distance           31            0     0.00%  BONDED -    4       
     Contact Region 5                                                1.00000E-04           No     Symmetric  Harmonic Mass   Min Distance           42           25    59.52%  BONDED -    5       
     Contact Region 6                                                1.00000E-04           No     Symmetric  Harmonic Mass   Min Distance           31            0     0.00%  BONDED -    6       
     Contact Region 7                                                1.00000E-04           No     Symmetric  Harmonic Mass   Min Distance           42           26    61.90%  BONDED -    7       
     Contact Region 8                                                1.00000E-04           No     Symmetric  Harmonic Mass   Min Distance           45            8    17.78%  BONDED -    8       
     Contact Region 9                                                1.00000E-04           No     Symmetric  Harmonic Mass   Min Distance           45            8    17.78%  BONDED -    9       
     Contact Region 10                                               1.00000E-04           No     Symmetric  Harmonic Mass   Min Distance           23            4    17.39%  BONDED -   10       
     Contact Region 11                                               1.00000E-04           No     Symmetric  Harmonic Mass   Min Distance           30           10    33.33%  BONDED -   11       
     Contact Region 12                                               1.00000E-04           No     Symmetric  Harmonic Mass   Min Distance           23            4    17.39%  BONDED -   12       


                                            Scope Definition:   
     Contact Region                                             
       Internal name: BONDED -    1       
       Group(s):     
                              BONDED- 2                                  180 Faces
                              BONDED- 1                                   98 Faces
     Contact Region 2                                           
       Internal name: BONDED -    2       
       Group(s):     
                              BONDED- 4                                  624 Faces
                              BONDED- 3                                  312 Faces
     Contact Region 3                                           
       Internal name: BONDED -    3       
       Group(s):     
                              BONDED- 6                                   48 Faces
                              BONDED- 5                                   24 Faces
     Contact Region 4                                           
       Internal name: BONDED -    4       
       Group(s):     
                              BONDED- 8                                   16 Faces
                              BONDED- 7                                   30 Faces
     Contact Region 5                                           
       Internal name: BONDED -    5       
       Group(s):     
                              BONDED-10                                   24 Faces
                              BONDED- 9                                   18 Faces
     Contact Region 6                                           
       Internal name: BONDED -    6       
       Group(s):     
                              BONDED-12                                   16 Faces
                              BONDED-11                                   30 Faces
     Contact Region 7                                           
       Internal name: BONDED -    7       
       Group(s):     
                              BONDED-14                                   24 Faces
                              BONDED-13                                   18 Faces
     Contact Region 8                                           
       Internal name: BONDED -    8       
       Group(s):     
                              BONDED-16                                   30 Faces
                              BONDED-15                                   32 Faces
     Contact Region 9                                           
       Internal name: BONDED -    9       
       Group(s):     
                              BONDED-18                                   30 Faces
                              BONDED-17                                   32 Faces
     Contact Region 10                                          
       Internal name: BONDED -   10       
       Group(s):     
                              BONDED-20                                   17 Faces
                              BONDED-19                                   12 Faces
     Contact Region 11                                          
       Internal name: BONDED -   11       
       Group(s):     
                              BONDED-22                                   15 Faces
                              BONDED-21                                   15 Faces
     Contact Region 12                                          
       Internal name: BONDED -   12       
       Group(s):     
                              BONDED-24                                   12 Faces
                              BONDED-23                                   17 Faces





CYCLE       0, TIME=  0.000E+00                                                                                  ENERGY SUMMARY EDIT
 


ENERGY AND MOMENTUM PARTITIONING BY MATERIALS

                                                         INTERNAL   KINETIC
MATERIAL                                 MASS    VOLUME    ENERGY    ENERGY XMOMENTUM YMOMENTUM ZMOMENTUM

Titanium alloy, Ti-6Al-4V,          3.040E+08 6.863E+07 0.000E+00 3.792E+07 0.000E+00-1.517E+08 0.000E+00
Concrete                            1.148E+08 4.800E+07 0.000E+00 0.000E+00 0.000E+00 0.000E+00 0.000E+00
---------------------------------------------------------------------------------------------------------
TOTALS                              4.188E+08 1.166E+08 0.000E+00 3.792E+07 0.000E+00-1.517E+08 0.000E+00


ENERGY AND MOMENTUM PARTITIONING BY PARTS

                                                         INTERNAL   KINETIC                               HOURGLASS   CONTACT
PART                                     MASS    VOLUME    ENERGY    ENERGY XMOMENTUM YMOMENTUM ZMOMENTUM    ENERGY    ENERGY

pim3_Varsayilan|Y_kseklik-Eks       3.482E+06 7.862E+05 0.000E+00 4.353E+05 0.000E+00-1.741E+06 0.000E+00 0.000E+00 0.000E+00
Part1_Varsayilan|Y_kseklik-Ek       1.331E+08 3.006E+07 0.000E+00 1.664E+07 0.000E+00-6.656E+07 0.000E+00 0.000E+00 0.000E+00
aks2_Varsayilan|Radyus7             1.607E+08 3.629E+07 0.000E+00 2.009E+07 0.000E+00-8.037E+07 0.000E+00 0.000E+00 0.000E+00
pim_Varsayilan|Aynalama1            5.646E+05 1.275E+05 0.000E+00 7.057E+04 0.000E+00-2.823E+05 0.000E+00 0.000E+00 0.000E+00
pim4_Varsayilan|Aynalama1           2.406E+05 5.433E+04 0.000E+00 0.000E+00 0.000E+00 0.000E+00 0.000E+00 0.000E+00 0.000E+00
pim4_Varsayilan|Aynalama1[2]        2.406E+05 5.433E+04 0.000E+00 0.000E+00 0.000E+00 0.000E+00 0.000E+00 0.000E+00 0.000E+00
torque_link1_Varsayilan|Radyu       2.719E+06 6.140E+05 0.000E+00 3.399E+05 0.000E+00-1.360E+06 0.000E+00 0.000E+00 0.000E+00
pim5_Varsayilan|Aynalama1           1.462E+05 3.300E+04 0.000E+00 0.000E+00 0.000E+00 0.000E+00 0.000E+00 0.000E+00 0.000E+00
torque_link2.2_Varsayilan|Rad       2.704E+06 6.106E+05 0.000E+00 3.380E+05 0.000E+00-1.352E+06 0.000E+00 0.000E+00 0.000E+00
base|Boss-Extrude1                  1.148E+08 4.800E+07 0.000E+00 0.000E+00 0.000E+00 0.000E+00 0.000E+00 0.000E+00 0.000E+00
-----------------------------------------------------------------------------------------------------------------------------
TOTALS                              4.188E+08 1.166E+08 0.000E+00 3.792E+07 0.000E+00-1.517E+08 0.000E+00 0.000E+00 0.000E+00


ENERGY AND MOMENTUM BALANCE

INITIAL ENERGY  3.792E+07, X-MOM  0.000E+00, Y-MOM -1.517E+08, Z-MOM  0.000E+00
EXTERNAL WORK   0.000E+00, X-IMP  0.000E+00, Y-IMP  0.000E+00, Z-IMP  0.000E+00
CONTACT ENERGY  0.000E+00
CURRENT ENERGY  3.792E+07, X-MOM  0.000E+00, Y-MOM -1.517E+08, Z-MOM  0.000E+00
-------------------------------------------------------------------------------
ERROR           0.000E+00         0.000E+00         0.000E+00         0.000E+00

CYCLE     363, TIME=  1.401E-01                                                                                  ENERGY SUMMARY EDIT
 


ENERGY AND MOMENTUM PARTITIONING BY MATERIALS

                                                         INTERNAL   KINETIC
MATERIAL                                 MASS    VOLUME    ENERGY    ENERGY XMOMENTUM YMOMENTUM ZMOMENTUM

Titanium alloy, Ti-6Al-4V,          3.040E+08 6.863E+07 1.461E+04 3.809E+07 2.349E-03-1.521E+08 1.262E-03
Concrete                            1.148E+08 4.800E+07 0.000E+00 0.000E+00 0.000E+00 0.000E+00 0.000E+00
---------------------------------------------------------------------------------------------------------
TOTALS                              4.188E+08 1.166E+08 1.461E+04 3.809E+07 2.349E-03-1.521E+08 1.262E-03


ENERGY AND MOMENTUM PARTITIONING BY PARTS

                                                         INTERNAL   KINETIC                               HOURGLASS   CONTACT
PART                                     MASS    VOLUME    ENERGY    ENERGY XMOMENTUM YMOMENTUM ZMOMENTUM    ENERGY    ENERGY

pim3_Varsayilan|Y_kseklik-Eks       3.482E+06 7.862E+05 0.000E+00 4.353E+05 0.000E+00-1.741E+06 0.000E+00 0.000E+00 0.000E+00
Part1_Varsayilan|Y_kseklik-Ek       1.331E+08 3.006E+07 8.326E+02 1.664E+07-1.996E+03-6.656E+07 2.759E+03 0.000E+00 0.000E+00
aks2_Varsayilan|Radyus7             1.607E+08 3.629E+07 8.214E+02 2.009E+07-1.800E+03-8.037E+07-7.796E+03 0.000E+00 0.000E+00
pim_Varsayilan|Aynalama1            5.646E+05 1.275E+05 0.000E+00 7.057E+04 0.000E+00-2.823E+05 0.000E+00 0.000E+00 0.000E+00
pim4_Varsayilan|Aynalama1           2.406E+05 5.433E+04 2.762E+03 7.369E+04-7.219E+02-1.794E+05 5.197E+02 0.000E+00 0.000E+00
pim4_Varsayilan|Aynalama1[2]        2.406E+05 5.433E+04 1.918E+03 7.493E+04 8.560E+02-1.812E+05 5.075E+03 0.000E+00 0.000E+00
torque_link1_Varsayilan|Radyu       2.719E+06 6.140E+05 3.118E+03 3.412E+05 1.497E+03-1.360E+06-1.039E+04 0.000E+00 3.348E+01
pim5_Varsayilan|Aynalama1           1.462E+05 3.300E+04 1.949E+03 2.022E+04-1.494E+03-7.625E+04 1.008E+03 0.000E+00-1.735E+02
torque_link2.2_Varsayilan|Rad       2.704E+06 6.106E+05 3.212E+03 3.401E+05 3.660E+03-1.352E+06 8.825E+03 0.000E+00-2.929E+01
base|Boss-Extrude1                  1.148E+08 4.800E+07 0.000E+00 0.000E+00 0.000E+00 0.000E+00 0.000E+00 0.000E+00 0.000E+00
-----------------------------------------------------------------------------------------------------------------------------
TOTALS                              4.188E+08 1.166E+08 1.461E+04 3.809E+07 2.349E-03-1.521E+08 1.262E-03 0.000E+00-1.693E+02


ENERGY AND MOMENTUM BALANCE

INITIAL ENERGY  3.792E+07, X-MOM  0.000E+00, Y-MOM -1.517E+08, Z-MOM  0.000E+00
EXTERNAL WORK   1.875E+05, X-IMP  0.000E+00, Y-IMP -4.368E+05, Z-IMP  0.000E+00
CONTACT ENERGY -1.693E+02
CURRENT ENERGY  3.811E+07, X-MOM  2.349E-03, Y-MOM -1.521E+08, Z-MOM  1.262E-03
-------------------------------------------------------------------------------
ERROR           5.090E+02         2.349E-03        -4.831E-08         1.262E-03

CYCLE     724, TIME=  2.802E-01                                                                                  ENERGY SUMMARY EDIT
 


ENERGY AND MOMENTUM PARTITIONING BY MATERIALS

                                                         INTERNAL   KINETIC
MATERIAL                                 MASS    VOLUME    ENERGY    ENERGY XMOMENTUM YMOMENTUM ZMOMENTUM

Titanium alloy, Ti-6Al-4V,          3.040E+08 6.863E+07 2.195E+04 3.797E+07 1.794E-03-1.519E+08 2.316E-03
Concrete                            1.148E+08 4.800E+07 0.000E+00 0.000E+00 0.000E+00 0.000E+00 0.000E+00
---------------------------------------------------------------------------------------------------------
TOTALS                              4.188E+08 1.166E+08 2.195E+04 3.797E+07 1.794E-03-1.519E+08 2.316E-03


ENERGY AND MOMENTUM PARTITIONING BY PARTS

                                                         INTERNAL   KINETIC                               HOURGLASS   CONTACT
PART                                     MASS    VOLUME    ENERGY    ENERGY XMOMENTUM YMOMENTUM ZMOMENTUM    ENERGY    ENERGY

pim3_Varsayilan|Y_kseklik-Eks       3.482E+06 7.862E+05 0.000E+00 4.353E+05 0.000E+00-1.741E+06 0.000E+00 0.000E+00 0.000E+00
Part1_Varsayilan|Y_kseklik-Ek       1.331E+08 3.006E+07 1.231E+03 1.664E+07 3.162E+03-6.656E+07 7.141E+03 0.000E+00 0.000E+00
aks2_Varsayilan|Radyus7             1.607E+08 3.629E+07 1.448E+03 2.009E+07-3.353E+02-8.037E+07-1.872E+03 0.000E+00 0.000E+00
pim_Varsayilan|Aynalama1            5.646E+05 1.275E+05 2.305E-02 7.058E+04-3.207E+00-2.823E+05 2.816E+02 0.000E+00 0.000E+00
pim4_Varsayilan|Aynalama1           2.406E+05 5.433E+04 5.806E+03 1.513E+04 4.142E+02-7.107E+04 1.927E+03 0.000E+00 0.000E+00
pim4_Varsayilan|Aynalama1[2]        2.406E+05 5.433E+04 3.349E+03 1.521E+04 3.205E+02-6.771E+04-1.443E+04 0.000E+00 0.000E+00
torque_link1_Varsayilan|Radyu       2.719E+06 6.140E+05 3.723E+03 3.411E+05-2.224E+03-1.360E+06 1.131E+04 0.000E+00-2.352E+01
pim5_Varsayilan|Aynalama1           1.462E+05 3.300E+04 2.535E+03 1.848E+04 5.535E+02-7.322E+04-1.712E+03 0.000E+00-2.217E+02
torque_link2.2_Varsayilan|Rad       2.704E+06 6.106E+05 3.852E+03 3.386E+05-1.888E+03-1.352E+06-2.651E+03 0.000E+00-9.851E+01
base|Boss-Extrude1                  1.148E+08 4.800E+07 0.000E+00 0.000E+00 0.000E+00 0.000E+00 0.000E+00 0.000E+00 0.000E+00
-----------------------------------------------------------------------------------------------------------------------------
TOTALS                              4.188E+08 1.166E+08 2.195E+04 3.797E+07 1.794E-03-1.519E+08 2.316E-03 0.000E+00-3.437E+02


ENERGY AND MOMENTUM BALANCE

INITIAL ENERGY  3.792E+07, X-MOM  0.000E+00, Y-MOM -1.517E+08, Z-MOM  0.000E+00
EXTERNAL WORK   7.317E+04, X-IMP  0.000E+00, Y-IMP -2.120E+05, Z-IMP  0.000E+00
CONTACT ENERGY -3.437E+02
CURRENT ENERGY  3.799E+07, X-MOM  1.794E-03, Y-MOM -1.519E+08, Z-MOM  2.316E-03
-------------------------------------------------------------------------------
ERROR           6.531E+02         1.794E-03        -4.977E-08         2.316E-03

CYCLE    1085, TIME=  4.203E-01                                                                                  ENERGY SUMMARY EDIT
 


ENERGY AND MOMENTUM PARTITIONING BY MATERIALS

                                                         INTERNAL   KINETIC
MATERIAL                                 MASS    VOLUME    ENERGY    ENERGY XMOMENTUM YMOMENTUM ZMOMENTUM

Titanium alloy, Ti-6Al-4V,          3.040E+08 6.863E+07 2.855E+04 3.805E+07 1.520E-03-1.521E+08 3.080E-03
Concrete                            1.148E+08 4.800E+07 0.000E+00 0.000E+00 0.000E+00 0.000E+00 0.000E+00
---------------------------------------------------------------------------------------------------------
TOTALS                              4.188E+08 1.166E+08 2.855E+04 3.805E+07 1.520E-03-1.521E+08 3.080E-03


ENERGY AND MOMENTUM PARTITIONING BY PARTS

                                                         INTERNAL   KINETIC                               HOURGLASS   CONTACT
PART                                     MASS    VOLUME    ENERGY    ENERGY XMOMENTUM YMOMENTUM ZMOMENTUM    ENERGY    ENERGY

pim3_Varsayilan|Y_kseklik-Eks       3.482E+06 7.862E+05 0.000E+00 4.353E+05 0.000E+00-1.741E+06 0.000E+00 0.000E+00 0.000E+00
Part1_Varsayilan|Y_kseklik-Ek       1.331E+08 3.006E+07 1.495E+03 1.664E+07-5.392E+03-6.656E+07-1.025E+04 0.000E+00 0.000E+00
aks2_Varsayilan|Radyus7             1.607E+08 3.629E+07 1.643E+03 2.009E+07-9.920E+02-8.037E+07 2.612E+03 0.000E+00 0.000E+00
pim_Varsayilan|Aynalama1            5.646E+05 1.275E+05 7.594E-01 7.058E+04-7.386E+01-2.823E+05-2.121E+02 0.000E+00 0.000E+00
pim4_Varsayilan|Aynalama1           2.406E+05 5.433E+04 9.614E+03 5.094E+04 7.436E+02-1.531E+05-1.063E+03 0.000E+00 0.000E+00
pim4_Varsayilan|Aynalama1[2]        2.406E+05 5.433E+04 4.147E+03 6.043E+04-7.518E+02-1.627E+05 2.484E+04 0.000E+00 0.000E+00
torque_link1_Varsayilan|Radyu       2.719E+06 6.140E+05 4.476E+03 3.406E+05 3.687E+03-1.360E+06-1.858E+04 0.000E+00-5.616E+01
pim5_Varsayilan|Aynalama1           1.462E+05 3.300E+04 2.137E+03 1.683E+04 7.113E+02-6.982E+04 3.225E+03 0.000E+00-2.332E+02
torque_link2.2_Varsayilan|Rad       2.704E+06 6.106E+05 5.034E+03 3.384E+05 2.068E+03-1.352E+06-5.688E+02 0.000E+00-9.416E+01
base|Boss-Extrude1                  1.148E+08 4.800E+07 0.000E+00 0.000E+00 0.000E+00 0.000E+00 0.000E+00 0.000E+00 0.000E+00
-----------------------------------------------------------------------------------------------------------------------------
TOTALS                              4.188E+08 1.166E+08 2.855E+04 3.805E+07 1.520E-03-1.521E+08 3.080E-03 0.000E+00-3.836E+02


ENERGY AND MOMENTUM BALANCE

INITIAL ENERGY  3.792E+07, X-MOM  0.000E+00, Y-MOM -1.517E+08, Z-MOM  0.000E+00
EXTERNAL WORK   1.584E+05, X-IMP  0.000E+00, Y-IMP -3.856E+05, Z-IMP  0.000E+00
CONTACT ENERGY -3.836E+02
CURRENT ENERGY  3.808E+07, X-MOM  1.520E-03, Y-MOM -1.521E+08, Z-MOM  3.080E-03
-------------------------------------------------------------------------------
ERROR           6.248E+02         1.520E-03        -4.098E-08         3.080E-03

CYCLE    1446, TIME=  5.603E-01                                                                                  ENERGY SUMMARY EDIT
 


ENERGY AND MOMENTUM PARTITIONING BY MATERIALS

                                                         INTERNAL   KINETIC
MATERIAL                                 MASS    VOLUME    ENERGY    ENERGY XMOMENTUM YMOMENTUM ZMOMENTUM

Titanium alloy, Ti-6Al-4V,          3.040E+08 6.863E+07 3.216E+04 3.798E+07 1.533E-03-1.519E+08 3.089E-03
Concrete                            1.148E+08 4.800E+07 0.000E+00 0.000E+00 0.000E+00 0.000E+00 0.000E+00
---------------------------------------------------------------------------------------------------------
TOTALS                              4.188E+08 1.166E+08 3.216E+04 3.798E+07 1.533E-03-1.519E+08 3.089E-03


ENERGY AND MOMENTUM PARTITIONING BY PARTS

                                                         INTERNAL   KINETIC                               HOURGLASS   CONTACT
PART                                     MASS    VOLUME    ENERGY    ENERGY XMOMENTUM YMOMENTUM ZMOMENTUM    ENERGY    ENERGY

pim3_Varsayilan|Y_kseklik-Eks       3.482E+06 7.862E+05 0.000E+00 4.353E+05 0.000E+00-1.741E+06 0.000E+00 0.000E+00 0.000E+00
Part1_Varsayilan|Y_kseklik-Ek       1.331E+08 3.006E+07 1.917E+03 1.664E+07 3.426E+03-6.656E+07 1.659E+04 0.000E+00 0.000E+00
aks2_Varsayilan|Radyus7             1.607E+08 3.629E+07 1.802E+03 2.009E+07 2.313E+03-8.037E+07-3.542E+02 0.000E+00 0.000E+00
pim_Varsayilan|Aynalama1            5.646E+05 1.275E+05 3.532E-01 7.058E+04 1.670E+02-2.823E+05-1.361E+03 0.000E+00 0.000E+00
pim4_Varsayilan|Aynalama1           2.406E+05 5.433E+04 1.228E+04 2.322E+04 2.406E+01-1.047E+05-3.227E+03 0.000E+00 0.000E+00
pim4_Varsayilan|Aynalama1[2]        2.406E+05 5.433E+04 3.566E+03 2.178E+04 2.160E+03-8.756E+04-3.333E+04 0.000E+00 0.000E+00
torque_link1_Varsayilan|Radyu       2.719E+06 6.140E+05 4.824E+03 3.406E+05-4.560E+03-1.360E+06 2.254E+04 0.000E+00-8.758E+01
pim5_Varsayilan|Aynalama1           1.462E+05 3.300E+04 2.139E+03 1.900E+04 1.170E+03-7.440E+04-2.804E+03 0.000E+00-2.319E+02
torque_link2.2_Varsayilan|Rad       2.704E+06 6.106E+05 5.626E+03 3.384E+05-4.700E+03-1.352E+06 1.948E+03 0.000E+00-1.067E+02
base|Boss-Extrude1                  1.148E+08 4.800E+07 0.000E+00 0.000E+00 0.000E+00 0.000E+00 0.000E+00 0.000E+00 0.000E+00
-----------------------------------------------------------------------------------------------------------------------------
TOTALS                              4.188E+08 1.166E+08 3.216E+04 3.798E+07 1.533E-03-1.519E+08 3.089E-03 0.000E+00-4.262E+02


ENERGY AND MOMENTUM BALANCE

INITIAL ENERGY  3.792E+07, X-MOM  0.000E+00, Y-MOM -1.517E+08, Z-MOM  0.000E+00
EXTERNAL WORK   9.800E+04, X-IMP  0.000E+00, Y-IMP -2.667E+05, Z-IMP  0.000E+00
CONTACT ENERGY -4.262E+02
CURRENT ENERGY  3.802E+07, X-MOM  1.533E-03, Y-MOM -1.519E+08, Z-MOM  3.089E-03
-------------------------------------------------------------------------------
ERROR           5.201E+02         1.533E-03        -6.013E-08         3.089E-03

CYCLE    1806, TIME=  7.000E-01                                                                                  ENERGY SUMMARY EDIT
 


ENERGY AND MOMENTUM PARTITIONING BY MATERIALS

                                                         INTERNAL   KINETIC
MATERIAL                                 MASS    VOLUME    ENERGY    ENERGY XMOMENTUM YMOMENTUM ZMOMENTUM

Titanium alloy, Ti-6Al-4V,          3.040E+08 6.863E+07 3.164E+04 3.802E+07 1.533E-03-1.520E+08 3.089E-03
Concrete                            1.148E+08 4.800E+07 0.000E+00 0.000E+00 0.000E+00 0.000E+00 0.000E+00
---------------------------------------------------------------------------------------------------------
TOTALS                              4.188E+08 1.166E+08 3.164E+04 3.802E+07 1.533E-03-1.520E+08 3.089E-03


ENERGY AND MOMENTUM PARTITIONING BY PARTS

                                                         INTERNAL   KINETIC                               HOURGLASS   CONTACT
PART                                     MASS    VOLUME    ENERGY    ENERGY XMOMENTUM YMOMENTUM ZMOMENTUM    ENERGY    ENERGY

pim3_Varsayilan|Y_kseklik-Eks       3.482E+06 7.862E+05 0.000E+00 4.353E+05 0.000E+00-1.741E+06 0.000E+00 0.000E+00 0.000E+00
Part1_Varsayilan|Y_kseklik-Ek       1.331E+08 3.006E+07 2.327E+03 1.664E+07-2.652E+03-6.656E+07-1.799E+04 0.000E+00 0.000E+00
aks2_Varsayilan|Radyus7             1.607E+08 3.629E+07 1.936E+03 2.009E+07-2.753E+03-8.037E+07 2.048E+03 0.000E+00 0.000E+00
pim_Varsayilan|Aynalama1            5.646E+05 1.275E+05 2.233E+00 7.058E+04-2.193E+02-2.823E+05 2.906E+02 0.000E+00 0.000E+00
pim4_Varsayilan|Aynalama1           2.406E+05 5.433E+04 1.236E+04 2.786E+04 6.781E+02-1.149E+05 7.808E+03 0.000E+00 0.000E+00
pim4_Varsayilan|Aynalama1[2]        2.406E+05 5.433E+04 2.736E+03 4.945E+04-2.173E+03-1.442E+05 3.716E+04 0.000E+00 0.000E+00
torque_link1_Varsayilan|Radyu       2.719E+06 6.140E+05 4.434E+03 3.409E+05 3.273E+03-1.360E+06-2.276E+04 0.000E+00-8.496E+01
pim5_Varsayilan|Aynalama1           1.462E+05 3.300E+04 2.149E+03 2.001E+04 1.430E+02-7.623E+04 3.773E+03 0.000E+00-2.534E+02
torque_link2.2_Varsayilan|Rad       2.704E+06 6.106E+05 5.692E+03 3.385E+05 3.704E+03-1.352E+06-1.034E+04 0.000E+00-9.918E+01
base|Boss-Extrude1                  1.148E+08 4.800E+07 0.000E+00 0.000E+00 0.000E+00 0.000E+00 0.000E+00 0.000E+00 0.000E+00
-----------------------------------------------------------------------------------------------------------------------------
TOTALS                              4.188E+08 1.166E+08 3.164E+04 3.802E+07 1.533E-03-1.520E+08 3.089E-03 0.000E+00-4.376E+02


ENERGY AND MOMENTUM BALANCE

INITIAL ENERGY  3.792E+07, X-MOM  0.000E+00, Y-MOM -1.517E+08, Z-MOM  0.000E+00
EXTERNAL WORK   1.318E+05, X-IMP  0.000E+00, Y-IMP -3.353E+05, Z-IMP  0.000E+00
CONTACT ENERGY -4.376E+02
CURRENT ENERGY  3.805E+07, X-MOM  1.533E-03, Y-MOM -1.520E+08, Z-MOM  3.089E-03
-------------------------------------------------------------------------------
ERROR           3.701E+02         1.533E-03        -6.560E-08         3.089E-03
 
 
SIMULATION ELAPSED TIME SUMMARY
 
EXECUTION FROM CYCLE        0 TO     1806
ELAPSED RUN TIME IN SOLVER  =      4.99050E-01 Minutes
ELAPSED RUN TIME IN CONTACT =      1.24767E-01 Minutes
ELAPSED RUN TIME IN EDITS   =      1.40400E-01 Minutes
TOTAL ELAPSED RUN TIME      =      6.39450E-01 Minutes
 
AUTODYN RAN OVER     2 WORKERS
AUTODYN RAN USING DECOMPOSITION AUTO    

AUTODYN RAN ON THE FOLLOWING MACHINES;

-----------------------------------------------------------------------
|    MACHINE NAME                  |     MASTER     |    WORKER(S)    |
-----------------------------------------------------------------------
|    MUKUND_15                     |        1       |        2        |
-----------------------------------------------------------------------

